<!DOCTYPE html>
<html>
  <head>
    <meta charset="utf-8"/>
    <title>Test Report</title>
    <link href="assets/style.css" rel="stylesheet" type="text/css"/></head>
  <body onLoad="init()">
    <script>/* This Source Code Form is subject to the terms of the Mozilla Public
 * License, v. 2.0. If a copy of the MPL was not distributed with this file,
 * You can obtain one at http://mozilla.org/MPL/2.0/. */


function toArray(iter) {
    if (iter === null) {
        return null;
    }
    return Array.prototype.slice.call(iter);
}

function find(selector, elem) { // eslint-disable-line no-redeclare
    if (!elem) {
        elem = document;
    }
    return elem.querySelector(selector);
}

function findAll(selector, elem) {
    if (!elem) {
        elem = document;
    }
    return toArray(elem.querySelectorAll(selector));
}

function sortColumn(elem) {
    toggleSortStates(elem);
    const colIndex = toArray(elem.parentNode.childNodes).indexOf(elem);
    let key;
    if (elem.classList.contains('result')) {
        key = keyResult;
    } else if (elem.classList.contains('links')) {
        key = keyLink;
    } else {
        key = keyAlpha;
    }
    sortTable(elem, key(colIndex));
}

function showAllExtras() { // eslint-disable-line no-unused-vars
    findAll('.col-result').forEach(showExtras);
}

function hideAllExtras() { // eslint-disable-line no-unused-vars
    findAll('.col-result').forEach(hideExtras);
}

function showExtras(colresultElem) {
    const extras = colresultElem.parentNode.nextElementSibling;
    const expandcollapse = colresultElem.firstElementChild;
    extras.classList.remove('collapsed');
    expandcollapse.classList.remove('expander');
    expandcollapse.classList.add('collapser');
}

function hideExtras(colresultElem) {
    const extras = colresultElem.parentNode.nextElementSibling;
    const expandcollapse = colresultElem.firstElementChild;
    extras.classList.add('collapsed');
    expandcollapse.classList.remove('collapser');
    expandcollapse.classList.add('expander');
}

function showFilters() {
    const filterItems = document.getElementsByClassName('filter');
    for (let i = 0; i < filterItems.length; i++)
        filterItems[i].hidden = false;
}

function addCollapse() {
    // Add links for show/hide all
    const resulttable = find('table#results-table');
    const showhideall = document.createElement('p');
    showhideall.innerHTML = '<a href="javascript:showAllExtras()">Show all details</a> / ' +
                            '<a href="javascript:hideAllExtras()">Hide all details</a>';
    resulttable.parentElement.insertBefore(showhideall, resulttable);

    // Add show/hide link to each result
    findAll('.col-result').forEach(function(elem) {
        const collapsed = getQueryParameter('collapsed') || 'Passed';
        const extras = elem.parentNode.nextElementSibling;
        const expandcollapse = document.createElement('span');
        if (extras.classList.contains('collapsed')) {
            expandcollapse.classList.add('expander');
        } else if (collapsed.includes(elem.innerHTML)) {
            extras.classList.add('collapsed');
            expandcollapse.classList.add('expander');
        } else {
            expandcollapse.classList.add('collapser');
        }
        elem.appendChild(expandcollapse);

        elem.addEventListener('click', function(event) {
            if (event.currentTarget.parentNode.nextElementSibling.classList.contains('collapsed')) {
                showExtras(event.currentTarget);
            } else {
                hideExtras(event.currentTarget);
            }
        });
    });
}

function getQueryParameter(name) {
    const match = RegExp('[?&]' + name + '=([^&]*)').exec(window.location.search);
    return match && decodeURIComponent(match[1].replace(/\+/g, ' '));
}

function init () { // eslint-disable-line no-unused-vars
    resetSortHeaders();

    addCollapse();

    showFilters();

    sortColumn(find('.initial-sort'));

    findAll('.sortable').forEach(function(elem) {
        elem.addEventListener('click',
            function() {
                sortColumn(elem);
            }, false);
    });
}

function sortTable(clicked, keyFunc) {
    const rows = findAll('.results-table-row');
    const reversed = !clicked.classList.contains('asc');
    const sortedRows = sort(rows, keyFunc, reversed);
    /* Whole table is removed here because browsers acts much slower
     * when appending existing elements.
     */
    const thead = document.getElementById('results-table-head');
    document.getElementById('results-table').remove();
    const parent = document.createElement('table');
    parent.id = 'results-table';
    parent.appendChild(thead);
    sortedRows.forEach(function(elem) {
        parent.appendChild(elem);
    });
    document.getElementsByTagName('BODY')[0].appendChild(parent);
}

function sort(items, keyFunc, reversed) {
    const sortArray = items.map(function(item, i) {
        return [keyFunc(item), i];
    });

    sortArray.sort(function(a, b) {
        const keyA = a[0];
        const keyB = b[0];

        if (keyA == keyB) return 0;

        if (reversed) {
            return keyA < keyB ? 1 : -1;
        } else {
            return keyA > keyB ? 1 : -1;
        }
    });

    return sortArray.map(function(item) {
        const index = item[1];
        return items[index];
    });
}

function keyAlpha(colIndex) {
    return function(elem) {
        return elem.childNodes[1].childNodes[colIndex].firstChild.data.toLowerCase();
    };
}

function keyLink(colIndex) {
    return function(elem) {
        const dataCell = elem.childNodes[1].childNodes[colIndex].firstChild;
        return dataCell == null ? '' : dataCell.innerText.toLowerCase();
    };
}

function keyResult(colIndex) {
    return function(elem) {
        const strings = ['Error', 'Failed', 'Rerun', 'XFailed', 'XPassed',
            'Skipped', 'Passed'];
        return strings.indexOf(elem.childNodes[1].childNodes[colIndex].firstChild.data);
    };
}

function resetSortHeaders() {
    findAll('.sort-icon').forEach(function(elem) {
        elem.parentNode.removeChild(elem);
    });
    findAll('.sortable').forEach(function(elem) {
        const icon = document.createElement('div');
        icon.className = 'sort-icon';
        icon.textContent = 'vvv';
        elem.insertBefore(icon, elem.firstChild);
        elem.classList.remove('desc', 'active');
        elem.classList.add('asc', 'inactive');
    });
}

function toggleSortStates(elem) {
    //if active, toggle between asc and desc
    if (elem.classList.contains('active')) {
        elem.classList.toggle('asc');
        elem.classList.toggle('desc');
    }

    //if inactive, reset all other functions and add ascending active
    if (elem.classList.contains('inactive')) {
        resetSortHeaders();
        elem.classList.remove('inactive');
        elem.classList.add('active');
    }
}

function isAllRowsHidden(value) {
    return value.hidden == false;
}

function filterTable(elem) { // eslint-disable-line no-unused-vars
    const outcomeAtt = 'data-test-result';
    const outcome = elem.getAttribute(outcomeAtt);
    const classOutcome = outcome + ' results-table-row';
    const outcomeRows = document.getElementsByClassName(classOutcome);

    for(let i = 0; i < outcomeRows.length; i++){
        outcomeRows[i].hidden = !elem.checked;
    }

    const rows = findAll('.results-table-row').filter(isAllRowsHidden);
    const allRowsHidden = rows.length == 0 ? true : false;
    const notFoundMessage = document.getElementById('not-found-message');
    notFoundMessage.hidden = !allRowsHidden;
}
</script>
    <h1>report.html</h1>
    <p>Report generated on 25-Nov-2021 at 15:38:26 by <a href="https://pypi.python.org/pypi/pytest-html">pytest-html</a> v3.1.1</p>
    <h2>Environment</h2>
    <table id="environment">
      <tr>
        <td>JAVA_HOME</td>
        <td>C:\Program Files\Java\jdk1.8.0_281</td></tr>
      <tr>
        <td>Packages</td>
        <td>{"pluggy": "1.0.0", "py": "1.11.0", "pytest": "6.2.5"}</td></tr>
      <tr>
        <td>Platform</td>
        <td>Windows-10-10.0.19043-SP0</td></tr>
      <tr>
        <td>Plugins</td>
        <td>{"forked": "1.3.0", "html": "3.1.1", "metadata": "1.11.0", "xdist": "2.4.0"}</td></tr>
      <tr>
        <td>Python</td>
        <td>3.10.0</td></tr></table>
    <h2>Summary</h2>
    <p>4 tests ran in 15.11 seconds. </p>
    <p class="filter" hidden="true">(Un)check the boxes to filter the results.</p><input checked="true" class="filter" data-test-result="passed" disabled="true" hidden="true" name="filter_checkbox" onChange="filterTable(this)" type="checkbox"/><span class="passed">0 passed</span>, <input checked="true" class="filter" data-test-result="skipped" disabled="true" hidden="true" name="filter_checkbox" onChange="filterTable(this)" type="checkbox"/><span class="skipped">0 skipped</span>, <input checked="true" class="filter" data-test-result="failed" hidden="true" name="filter_checkbox" onChange="filterTable(this)" type="checkbox"/><span class="failed">4 failed</span>, <input checked="true" class="filter" data-test-result="error" disabled="true" hidden="true" name="filter_checkbox" onChange="filterTable(this)" type="checkbox"/><span class="error">0 errors</span>, <input checked="true" class="filter" data-test-result="xfailed" disabled="true" hidden="true" name="filter_checkbox" onChange="filterTable(this)" type="checkbox"/><span class="xfailed">0 expected failures</span>, <input checked="true" class="filter" data-test-result="xpassed" disabled="true" hidden="true" name="filter_checkbox" onChange="filterTable(this)" type="checkbox"/><span class="xpassed">0 unexpected passes</span>
    <h2>Results</h2>
    <table id="results-table">
      <thead id="results-table-head">
        <tr>
          <th class="sortable result initial-sort" col="result">Result</th>
          <th class="sortable" col="name">Test</th>
          <th class="sortable" col="duration">Duration</th>
          <th class="sortable links" col="links">Links</th></tr>
        <tr hidden="true" id="not-found-message">
          <th colspan="4">No results found. Try to check the filters</th></tr></thead>
      <tbody class="failed results-table-row">
        <tr>
          <td class="col-result">Failed</td>
          <td class="col-name">Tests/test_login.py::Test_Login::test_Unsuccessful_Login_Invalid_Login_9[chrome]</td>
          <td class="col-duration">14.16</td>
          <td class="col-links"></td></tr>
        <tr>
          <td class="extra" colspan="4">
            <div class="log">[gw1] win32 -- Python 3.10.0 C:\Users\Gajdzio\AppData\Local\Programs\Python\Python310\python.exe<br/>[gw1] win32 -- Python 3.10.0 C:\Users\Gajdzio\AppData\Local\Programs\Python\Python310\python.exe[gw1] win32 -- Python 3.10.0 C:\Users\Gajdzio\AppData\Local\Programs\Python\Python310\python.exe<br/><br/>self = &lt;Tests.test_login.Test_Login object at 0x00000216480F6F80&gt;<br/><br/>    def test_Unsuccessful_Login_Invalid_Login_9(self):<br/>        loginPage = LoginPage(self.driver)<br/>&gt;       loginPage.enter_login(TestData.WRONG_USER_LOGIN,TestData.PASSWORD)<br/><br/>Tests\test_login.py:24: <br/>_ _ _ _ _ _ _ _ _ _ _ _ _ _ _ _ _ _ _ _ _ _ _ _ _ _ _ _ _ _ _ _ _ _ _ _ _ _ _ _ <br/>Pages\LoginPage.py:47: in enter_login<br/>    self.do_send_keys(self.EMAIL_FIELD_Login, login)<br/>Pages\BasePage.py:18: in do_send_keys<br/>    WebDriverWait(self.driver,10).until(EC.visibility_of_element_located(by_locator)).send_keys(text)<br/>_ _ _ _ _ _ _ _ _ _ _ _ _ _ _ _ _ _ _ _ _ _ _ _ _ _ _ _ _ _ _ _ _ _ _ _ _ _ _ _ <br/><br/>self = &lt;selenium.webdriver.support.wait.WebDriverWait (session=&quot;88176c00cd633f00030bed20fdbb5413&quot;)&gt;, method = &lt;function visibility_of_element_located.&lt;locals&gt;._predicate at 0x0000021647F7B490&gt;, message = &#x27;&#x27;<br/><br/>    def until(self, method, message=&#x27;&#x27;):<br/>        &quot;&quot;&quot;Calls the method provided with the driver as an argument until the \<br/>        return value does not evaluate to ``False``.<br/>    <br/>        :param method: callable(WebDriver)<br/>        :param message: optional message for :exc:`TimeoutException`<br/>        :returns: the result of the last call to `method`<br/>        :raises: :exc:`selenium.common.exceptions.TimeoutException` if timeout occurs<br/>        &quot;&quot;&quot;<br/>        screen = None<br/>        stacktrace = None<br/>    <br/>        end_time = time.time() + self._timeout<br/>        while True:<br/>            try:<br/>                value = method(self._driver)<br/>                if value:<br/>                    return value<br/>            except InvalidSelectorException as e:<br/>                raise e<br/>            except self._ignored_exceptions as exc:<br/>                screen = getattr(exc, &#x27;screen&#x27;, None)<br/>                stacktrace = getattr(exc, &#x27;stacktrace&#x27;, None)<br/>            time.sleep(self._poll)<br/>            if time.time() &gt; end_time:<br/>                break<br/>&gt;       raise TimeoutException(message, screen, stacktrace)<br/><span class="error">E       selenium.common.exceptions.TimeoutException: Message: </span><br/><span class="error">E       Stacktrace:</span><br/><span class="error">E       Backtrace:</span><br/><span class="error">E       	Ordinal0 [0x00F96903+2517251]</span><br/><span class="error">E       	Ordinal0 [0x00F2F8E1+2095329]</span><br/><span class="error">E       	Ordinal0 [0x00E32848+1058888]</span><br/><span class="error">E       	Ordinal0 [0x00E5D448+1233992]</span><br/><span class="error">E       	Ordinal0 [0x00E5D63B+1234491]</span><br/><span class="error">E       	Ordinal0 [0x00E87812+1406994]</span><br/><span class="error">E       	Ordinal0 [0x00E7650A+1336586]</span><br/><span class="error">E       	Ordinal0 [0x00E85BBF+1399743]</span><br/><span class="error">E       	Ordinal0 [0x00E7639B+1336219]</span><br/><span class="error">E       	Ordinal0 [0x00E527A7+1189799]</span><br/><span class="error">E       	Ordinal0 [0x00E53609+1193481]</span><br/><span class="error">E       	GetHandleVerifier [0x01125904+1577972]</span><br/><span class="error">E       	GetHandleVerifier [0x011D0B97+2279047]</span><br/><span class="error">E       	GetHandleVerifier [0x01026D09+534521]</span><br/><span class="error">E       	GetHandleVerifier [0x01025DB9+530601]</span><br/><span class="error">E       	Ordinal0 [0x00F34FF9+2117625]</span><br/><span class="error">E       	Ordinal0 [0x00F398A8+2136232]</span><br/><span class="error">E       	Ordinal0 [0x00F399E2+2136546]</span><br/><span class="error">E       	Ordinal0 [0x00F43541+2176321]</span><br/><span class="error">E       	BaseThreadInitThunk [0x76EEFA29+25]</span><br/><span class="error">E       	RtlGetAppContainerNamedObjectPath [0x77517A9E+286]</span><br/><span class="error">E       	RtlGetAppContainerNamedObjectPath [0x77517A6E+238]</span><br/><br/>..\..\AppData\Local\Programs\Python\Python310\lib\site-packages\selenium\webdriver\support\wait.py:89: TimeoutException[gw1] win32 -- Python 3.10.0 C:\Users\Gajdzio\AppData\Local\Programs\Python\Python310\python.exe<br/> -----------------------------Captured stderr setup------------------------------ <br/>

====== WebDriver manager ======
Current google-chrome version is 96.0.4664
Get LATEST chromedriver version for 96.0.4664 google-chrome
Driver [C:\Users\Gajdzio\.wdm\drivers\chromedriver\win32\96.0.4664.45\chromedriver.exe] found in cache
<br/> -------------------------------Captured log setup------------------------------- <br/>INFO     WDM:logger.py:26 

INFO     WDM:logger.py:26 ====== WebDriver manager ======
INFO     WDM:logger.py:26 Current google-chrome version is 96.0.4664
INFO     WDM:logger.py:26 Get LATEST chromedriver version for 96.0.4664 google-chrome
INFO     WDM:logger.py:26 Driver [C:\Users\Gajdzio\.wdm\drivers\chromedriver\win32\96.0.4664.45\chromedriver.exe] found in cache<br/></div></td></tr></tbody>
      <tbody class="failed results-table-row">
        <tr>
          <td class="col-result">Failed</td>
          <td class="col-name">Tests/test_login.py::Test_Login::test_successful_Login_8[chrome]</td>
          <td class="col-duration">12.01</td>
          <td class="col-links"></td></tr>
        <tr>
          <td class="extra" colspan="4">
            <div class="log">[gw0] win32 -- Python 3.10.0 C:\Users\Gajdzio\AppData\Local\Programs\Python\Python310\python.exe<br/>[gw0] win32 -- Python 3.10.0 C:\Users\Gajdzio\AppData\Local\Programs\Python\Python310\python.exe[gw0] win32 -- Python 3.10.0 C:\Users\Gajdzio\AppData\Local\Programs\Python\Python310\python.exe<br/><br/>self = &lt;Tests.test_login.Test_Login object at 0x00000222C37F3A90&gt;<br/><br/>    def test_successful_Login_8(self):<br/>        loginPage = LoginPage(self.driver)<br/>&gt;       account_page = loginPage.enter_login(TestData.USER_LOGIN,TestData.PASSWORD)<br/><br/>Tests\test_login.py:18: <br/>_ _ _ _ _ _ _ _ _ _ _ _ _ _ _ _ _ _ _ _ _ _ _ _ _ _ _ _ _ _ _ _ _ _ _ _ _ _ _ _ <br/>Pages\LoginPage.py:47: in enter_login<br/>    self.do_send_keys(self.EMAIL_FIELD_Login, login)<br/>Pages\BasePage.py:18: in do_send_keys<br/>    WebDriverWait(self.driver,10).until(EC.visibility_of_element_located(by_locator)).send_keys(text)<br/>_ _ _ _ _ _ _ _ _ _ _ _ _ _ _ _ _ _ _ _ _ _ _ _ _ _ _ _ _ _ _ _ _ _ _ _ _ _ _ _ <br/><br/>self = &lt;selenium.webdriver.support.wait.WebDriverWait (session=&quot;31ec993add859a2917ea7d330feeb0fd&quot;)&gt;, method = &lt;function visibility_of_element_located.&lt;locals&gt;._predicate at 0x00000222C367F400&gt;, message = &#x27;&#x27;<br/><br/>    def until(self, method, message=&#x27;&#x27;):<br/>        &quot;&quot;&quot;Calls the method provided with the driver as an argument until the \<br/>        return value does not evaluate to ``False``.<br/>    <br/>        :param method: callable(WebDriver)<br/>        :param message: optional message for :exc:`TimeoutException`<br/>        :returns: the result of the last call to `method`<br/>        :raises: :exc:`selenium.common.exceptions.TimeoutException` if timeout occurs<br/>        &quot;&quot;&quot;<br/>        screen = None<br/>        stacktrace = None<br/>    <br/>        end_time = time.time() + self._timeout<br/>        while True:<br/>            try:<br/>                value = method(self._driver)<br/>                if value:<br/>                    return value<br/>            except InvalidSelectorException as e:<br/>                raise e<br/>            except self._ignored_exceptions as exc:<br/>                screen = getattr(exc, &#x27;screen&#x27;, None)<br/>                stacktrace = getattr(exc, &#x27;stacktrace&#x27;, None)<br/>            time.sleep(self._poll)<br/>            if time.time() &gt; end_time:<br/>                break<br/>&gt;       raise TimeoutException(message, screen, stacktrace)<br/><span class="error">E       selenium.common.exceptions.TimeoutException: Message: </span><br/><span class="error">E       Stacktrace:</span><br/><span class="error">E       Backtrace:</span><br/><span class="error">E       	Ordinal0 [0x00F96903+2517251]</span><br/><span class="error">E       	Ordinal0 [0x00F2F8E1+2095329]</span><br/><span class="error">E       	Ordinal0 [0x00E32848+1058888]</span><br/><span class="error">E       	Ordinal0 [0x00E5D448+1233992]</span><br/><span class="error">E       	Ordinal0 [0x00E5D63B+1234491]</span><br/><span class="error">E       	Ordinal0 [0x00E87812+1406994]</span><br/><span class="error">E       	Ordinal0 [0x00E7650A+1336586]</span><br/><span class="error">E       	Ordinal0 [0x00E85BBF+1399743]</span><br/><span class="error">E       	Ordinal0 [0x00E7639B+1336219]</span><br/><span class="error">E       	Ordinal0 [0x00E527A7+1189799]</span><br/><span class="error">E       	Ordinal0 [0x00E53609+1193481]</span><br/><span class="error">E       	GetHandleVerifier [0x01125904+1577972]</span><br/><span class="error">E       	GetHandleVerifier [0x011D0B97+2279047]</span><br/><span class="error">E       	GetHandleVerifier [0x01026D09+534521]</span><br/><span class="error">E       	GetHandleVerifier [0x01025DB9+530601]</span><br/><span class="error">E       	Ordinal0 [0x00F34FF9+2117625]</span><br/><span class="error">E       	Ordinal0 [0x00F398A8+2136232]</span><br/><span class="error">E       	Ordinal0 [0x00F399E2+2136546]</span><br/><span class="error">E       	Ordinal0 [0x00F43541+2176321]</span><br/><span class="error">E       	BaseThreadInitThunk [0x76EEFA29+25]</span><br/><span class="error">E       	RtlGetAppContainerNamedObjectPath [0x77517A9E+286]</span><br/><span class="error">E       	RtlGetAppContainerNamedObjectPath [0x77517A6E+238]</span><br/><br/>..\..\AppData\Local\Programs\Python\Python310\lib\site-packages\selenium\webdriver\support\wait.py:89: TimeoutException[gw0] win32 -- Python 3.10.0 C:\Users\Gajdzio\AppData\Local\Programs\Python\Python310\python.exe<br/> -----------------------------Captured stderr setup------------------------------ <br/>

====== WebDriver manager ======
Current google-chrome version is 96.0.4664
Get LATEST chromedriver version for 96.0.4664 google-chrome
Driver [C:\Users\Gajdzio\.wdm\drivers\chromedriver\win32\96.0.4664.45\chromedriver.exe] found in cache
<br/> -------------------------------Captured log setup------------------------------- <br/>INFO     WDM:logger.py:26 

INFO     WDM:logger.py:26 ====== WebDriver manager ======
INFO     WDM:logger.py:26 Current google-chrome version is 96.0.4664
INFO     WDM:logger.py:26 Get LATEST chromedriver version for 96.0.4664 google-chrome
INFO     WDM:logger.py:26 Driver [C:\Users\Gajdzio\.wdm\drivers\chromedriver\win32\96.0.4664.45\chromedriver.exe] found in cache<br/></div></td></tr></tbody>
      <tbody class="failed results-table-row">
        <tr>
          <td class="col-result">Failed</td>
          <td class="col-name">Tests/test_login.py::Test_Login::test_Unsuccessful_Login_Invalid_Password_10[chrome]</td>
          <td class="col-duration">14.16</td>
          <td class="col-links"></td></tr>
        <tr>
          <td class="extra" colspan="4">
            <div class="log">[gw2] win32 -- Python 3.10.0 C:\Users\Gajdzio\AppData\Local\Programs\Python\Python310\python.exe<br/>[gw2] win32 -- Python 3.10.0 C:\Users\Gajdzio\AppData\Local\Programs\Python\Python310\python.exe[gw2] win32 -- Python 3.10.0 C:\Users\Gajdzio\AppData\Local\Programs\Python\Python310\python.exe<br/><br/>self = &lt;Tests.test_login.Test_Login object at 0x000002E08B616F50&gt;<br/><br/>    def test_Unsuccessful_Login_Invalid_Password_10(self):<br/>        loginPage = LoginPage(self.driver)<br/>&gt;       loginPage.enter_login(TestData.USER_LOGIN,TestData.WRONG_PASSWORD)<br/><br/>Tests\test_login.py:30: <br/>_ _ _ _ _ _ _ _ _ _ _ _ _ _ _ _ _ _ _ _ _ _ _ _ _ _ _ _ _ _ _ _ _ _ _ _ _ _ _ _ <br/>Pages\LoginPage.py:47: in enter_login<br/>    self.do_send_keys(self.EMAIL_FIELD_Login, login)<br/>Pages\BasePage.py:18: in do_send_keys<br/>    WebDriverWait(self.driver,10).until(EC.visibility_of_element_located(by_locator)).send_keys(text)<br/>_ _ _ _ _ _ _ _ _ _ _ _ _ _ _ _ _ _ _ _ _ _ _ _ _ _ _ _ _ _ _ _ _ _ _ _ _ _ _ _ <br/><br/>self = &lt;selenium.webdriver.support.wait.WebDriverWait (session=&quot;c4b290299dfa12a045f21506043be5d3&quot;)&gt;, method = &lt;function visibility_of_element_located.&lt;locals&gt;._predicate at 0x000002E08B48F490&gt;, message = &#x27;&#x27;<br/><br/>    def until(self, method, message=&#x27;&#x27;):<br/>        &quot;&quot;&quot;Calls the method provided with the driver as an argument until the \<br/>        return value does not evaluate to ``False``.<br/>    <br/>        :param method: callable(WebDriver)<br/>        :param message: optional message for :exc:`TimeoutException`<br/>        :returns: the result of the last call to `method`<br/>        :raises: :exc:`selenium.common.exceptions.TimeoutException` if timeout occurs<br/>        &quot;&quot;&quot;<br/>        screen = None<br/>        stacktrace = None<br/>    <br/>        end_time = time.time() + self._timeout<br/>        while True:<br/>            try:<br/>                value = method(self._driver)<br/>                if value:<br/>                    return value<br/>            except InvalidSelectorException as e:<br/>                raise e<br/>            except self._ignored_exceptions as exc:<br/>                screen = getattr(exc, &#x27;screen&#x27;, None)<br/>                stacktrace = getattr(exc, &#x27;stacktrace&#x27;, None)<br/>            time.sleep(self._poll)<br/>            if time.time() &gt; end_time:<br/>                break<br/>&gt;       raise TimeoutException(message, screen, stacktrace)<br/><span class="error">E       selenium.common.exceptions.TimeoutException: Message: </span><br/><span class="error">E       Stacktrace:</span><br/><span class="error">E       Backtrace:</span><br/><span class="error">E       	Ordinal0 [0x00F96903+2517251]</span><br/><span class="error">E       	Ordinal0 [0x00F2F8E1+2095329]</span><br/><span class="error">E       	Ordinal0 [0x00E32848+1058888]</span><br/><span class="error">E       	Ordinal0 [0x00E5D448+1233992]</span><br/><span class="error">E       	Ordinal0 [0x00E5D63B+1234491]</span><br/><span class="error">E       	Ordinal0 [0x00E87812+1406994]</span><br/><span class="error">E       	Ordinal0 [0x00E7650A+1336586]</span><br/><span class="error">E       	Ordinal0 [0x00E85BBF+1399743]</span><br/><span class="error">E       	Ordinal0 [0x00E7639B+1336219]</span><br/><span class="error">E       	Ordinal0 [0x00E527A7+1189799]</span><br/><span class="error">E       	Ordinal0 [0x00E53609+1193481]</span><br/><span class="error">E       	GetHandleVerifier [0x01125904+1577972]</span><br/><span class="error">E       	GetHandleVerifier [0x011D0B97+2279047]</span><br/><span class="error">E       	GetHandleVerifier [0x01026D09+534521]</span><br/><span class="error">E       	GetHandleVerifier [0x01025DB9+530601]</span><br/><span class="error">E       	Ordinal0 [0x00F34FF9+2117625]</span><br/><span class="error">E       	Ordinal0 [0x00F398A8+2136232]</span><br/><span class="error">E       	Ordinal0 [0x00F399E2+2136546]</span><br/><span class="error">E       	Ordinal0 [0x00F43541+2176321]</span><br/><span class="error">E       	BaseThreadInitThunk [0x76EEFA29+25]</span><br/><span class="error">E       	RtlGetAppContainerNamedObjectPath [0x77517A9E+286]</span><br/><span class="error">E       	RtlGetAppContainerNamedObjectPath [0x77517A6E+238]</span><br/><br/>..\..\AppData\Local\Programs\Python\Python310\lib\site-packages\selenium\webdriver\support\wait.py:89: TimeoutException[gw2] win32 -- Python 3.10.0 C:\Users\Gajdzio\AppData\Local\Programs\Python\Python310\python.exe<br/> -----------------------------Captured stderr setup------------------------------ <br/>

====== WebDriver manager ======
Current google-chrome version is 96.0.4664
Get LATEST chromedriver version for 96.0.4664 google-chrome
Driver [C:\Users\Gajdzio\.wdm\drivers\chromedriver\win32\96.0.4664.45\chromedriver.exe] found in cache
<br/> -------------------------------Captured log setup------------------------------- <br/>INFO     WDM:logger.py:26 

INFO     WDM:logger.py:26 ====== WebDriver manager ======
INFO     WDM:logger.py:26 Current google-chrome version is 96.0.4664
INFO     WDM:logger.py:26 Get LATEST chromedriver version for 96.0.4664 google-chrome
INFO     WDM:logger.py:26 Driver [C:\Users\Gajdzio\.wdm\drivers\chromedriver\win32\96.0.4664.45\chromedriver.exe] found in cache<br/></div></td></tr></tbody>
      <tbody class="failed results-table-row">
        <tr>
          <td class="col-result">Failed</td>
          <td class="col-name">Tests/test_login.py::Test_Login::test_forgot_password_functionality_22[chrome]</td>
          <td class="col-duration">2.25</td>
          <td class="col-links"></td></tr>
        <tr>
          <td class="extra" colspan="4">
            <div class="log">[gw0] win32 -- Python 3.10.0 C:\Users\Gajdzio\AppData\Local\Programs\Python\Python310\python.exe<br/>[gw0] win32 -- Python 3.10.0 C:\Users\Gajdzio\AppData\Local\Programs\Python\Python310\python.exe[gw0] win32 -- Python 3.10.0 C:\Users\Gajdzio\AppData\Local\Programs\Python\Python310\python.exe<br/><br/>self = &lt;Tests.test_login.Test_Login object at 0x00000222C38048E0&gt;<br/><br/>    def test_forgot_password_functionality_22(self):<br/>        loginPage = LoginPage(self.driver)<br/>&gt;       forgot_password_page = loginPage.click_forgot_password()<br/><br/>Tests\test_login.py:36: <br/>_ _ _ _ _ _ _ _ _ _ _ _ _ _ _ _ _ _ _ _ _ _ _ _ _ _ _ _ _ _ _ _ _ _ _ _ _ _ _ _ <br/>Pages\LoginPage.py:66: in click_forgot_password<br/>    self.do_click(self.FORGOT_LINK)<br/>Pages\BasePage.py:14: in do_click<br/>    WebDriverWait(self.driver,10).until(EC.visibility_of_element_located(by_locator)).click()<br/>..\..\AppData\Local\Programs\Python\Python310\lib\site-packages\selenium\webdriver\support\wait.py:82: in until<br/>    raise e<br/>..\..\AppData\Local\Programs\Python\Python310\lib\site-packages\selenium\webdriver\support\wait.py:78: in until<br/>    value = method(self._driver)<br/>..\..\AppData\Local\Programs\Python\Python310\lib\site-packages\selenium\webdriver\support\expected_conditions.py:127: in _predicate<br/>    raise e<br/>..\..\AppData\Local\Programs\Python\Python310\lib\site-packages\selenium\webdriver\support\expected_conditions.py:125: in _predicate<br/>    return _element_if_visible(driver.find_element(*locator))<br/>..\..\AppData\Local\Programs\Python\Python310\lib\site-packages\selenium\webdriver\remote\webdriver.py:1244: in find_element<br/>    return self.execute(Command.FIND_ELEMENT, {<br/>..\..\AppData\Local\Programs\Python\Python310\lib\site-packages\selenium\webdriver\remote\webdriver.py:424: in execute<br/>    self.error_handler.check_response(response)<br/>_ _ _ _ _ _ _ _ _ _ _ _ _ _ _ _ _ _ _ _ _ _ _ _ _ _ _ _ _ _ _ _ _ _ _ _ _ _ _ _ <br/><br/>self = &lt;selenium.webdriver.remote.errorhandler.ErrorHandler object at 0x00000222C37F37F0&gt;<br/>response = {&#x27;status&#x27;: 400, &#x27;value&#x27;: &#x27;{&quot;value&quot;:{&quot;error&quot;:&quot;invalid selector&quot;,&quot;message&quot;:&quot;invalid selector: Unable to locate an elemen...\n\\tRtlGetAppContainerNamedObjectPath [0x77517A9E+286]\\n\\tRtlGetAppContainerNamedObjectPath [0x77517A6E+238]\\n&quot;}}&#x27;}<br/><br/>    def check_response(self, response: Dict[str, Any]) -&gt; None:<br/>        &quot;&quot;&quot;<br/>        Checks that a JSON response from the WebDriver does not have an error.<br/>    <br/>        :Args:<br/>         - response - The JSON response from the WebDriver server as a dictionary<br/>           object.<br/>    <br/>        :Raises: If the response contains an error message.<br/>        &quot;&quot;&quot;<br/>        status = response.get(&#x27;status&#x27;, None)<br/>        if not status or status == ErrorCode.SUCCESS:<br/>            return<br/>        value = None<br/>        message = response.get(&quot;message&quot;, &quot;&quot;)<br/>        screen: str = response.get(&quot;screen&quot;, &quot;&quot;)<br/>        stacktrace = None<br/>        if isinstance(status, int):<br/>            value_json = response.get(&#x27;value&#x27;, None)<br/>            if value_json and isinstance(value_json, str):<br/>                import json<br/>                try:<br/>                    value = json.loads(value_json)<br/>                    if len(value.keys()) == 1:<br/>                        value = value[&#x27;value&#x27;]<br/>                    status = value.get(&#x27;error&#x27;, None)<br/>                    if not status:<br/>                        status = value.get(&quot;status&quot;, ErrorCode.UNKNOWN_ERROR)<br/>                        message = value.get(&quot;value&quot;) or value.get(&quot;message&quot;)<br/>                        if not isinstance(message, str):<br/>                            value = message<br/>                            message = message.get(&#x27;message&#x27;)<br/>                    else:<br/>                        message = value.get(&#x27;message&#x27;, None)<br/>                except ValueError:<br/>                    pass<br/>    <br/>        exception_class: Type[WebDriverException]<br/>        if status in ErrorCode.NO_SUCH_ELEMENT:<br/>            exception_class = NoSuchElementException<br/>        elif status in ErrorCode.NO_SUCH_FRAME:<br/>            exception_class = NoSuchFrameException<br/>        elif status in ErrorCode.NO_SUCH_SHADOW_ROOT:<br/>            exception_class = NoSuchShadowRootException<br/>        elif status in ErrorCode.NO_SUCH_WINDOW:<br/>            exception_class = NoSuchWindowException<br/>        elif status in ErrorCode.STALE_ELEMENT_REFERENCE:<br/>            exception_class = StaleElementReferenceException<br/>        elif status in ErrorCode.ELEMENT_NOT_VISIBLE:<br/>            exception_class = ElementNotVisibleException<br/>        elif status in ErrorCode.INVALID_ELEMENT_STATE:<br/>            exception_class = InvalidElementStateException<br/>        elif status in ErrorCode.INVALID_SELECTOR \<br/>                or status in ErrorCode.INVALID_XPATH_SELECTOR \<br/>                or status in ErrorCode.INVALID_XPATH_SELECTOR_RETURN_TYPER:<br/>            exception_class = InvalidSelectorException<br/>        elif status in ErrorCode.ELEMENT_IS_NOT_SELECTABLE:<br/>            exception_class = ElementNotSelectableException<br/>        elif status in ErrorCode.ELEMENT_NOT_INTERACTABLE:<br/>            exception_class = ElementNotInteractableException<br/>        elif status in ErrorCode.INVALID_COOKIE_DOMAIN:<br/>            exception_class = InvalidCookieDomainException<br/>        elif status in ErrorCode.UNABLE_TO_SET_COOKIE:<br/>            exception_class = UnableToSetCookieException<br/>        elif status in ErrorCode.TIMEOUT:<br/>            exception_class = TimeoutException<br/>        elif status in ErrorCode.SCRIPT_TIMEOUT:<br/>            exception_class = TimeoutException<br/>        elif status in ErrorCode.UNKNOWN_ERROR:<br/>            exception_class = WebDriverException<br/>        elif status in ErrorCode.UNEXPECTED_ALERT_OPEN:<br/>            exception_class = UnexpectedAlertPresentException<br/>        elif status in ErrorCode.NO_ALERT_OPEN:<br/>            exception_class = NoAlertPresentException<br/>        elif status in ErrorCode.IME_NOT_AVAILABLE:<br/>            exception_class = ImeNotAvailableException<br/>        elif status in ErrorCode.IME_ENGINE_ACTIVATION_FAILED:<br/>            exception_class = ImeActivationFailedException<br/>        elif status in ErrorCode.MOVE_TARGET_OUT_OF_BOUNDS:<br/>            exception_class = MoveTargetOutOfBoundsException<br/>        elif status in ErrorCode.JAVASCRIPT_ERROR:<br/>            exception_class = JavascriptException<br/>        elif status in ErrorCode.SESSION_NOT_CREATED:<br/>            exception_class = SessionNotCreatedException<br/>        elif status in ErrorCode.INVALID_ARGUMENT:<br/>            exception_class = InvalidArgumentException<br/>        elif status in ErrorCode.NO_SUCH_COOKIE:<br/>            exception_class = NoSuchCookieException<br/>        elif status in ErrorCode.UNABLE_TO_CAPTURE_SCREEN:<br/>            exception_class = ScreenshotException<br/>        elif status in ErrorCode.ELEMENT_CLICK_INTERCEPTED:<br/>            exception_class = ElementClickInterceptedException<br/>        elif status in ErrorCode.INSECURE_CERTIFICATE:<br/>            exception_class = InsecureCertificateException<br/>        elif status in ErrorCode.INVALID_COORDINATES:<br/>            exception_class = InvalidCoordinatesException<br/>        elif status in ErrorCode.INVALID_SESSION_ID:<br/>            exception_class = InvalidSessionIdException<br/>        elif status in ErrorCode.UNKNOWN_METHOD:<br/>            exception_class = UnknownMethodException<br/>        else:<br/>            exception_class = WebDriverException<br/>        if not value:<br/>            value = response[&#x27;value&#x27;]<br/>        if isinstance(value, str):<br/>            raise exception_class(value)<br/>        if message == &quot;&quot; and &#x27;message&#x27; in value:<br/>            message = value[&#x27;message&#x27;]<br/>    <br/>        screen = None  # type: ignore[assignment]<br/>        if &#x27;screen&#x27; in value:<br/>            screen = value[&#x27;screen&#x27;]<br/>    <br/>        stacktrace = None<br/>        st_value = value.get(&#x27;stackTrace&#x27;) or value.get(&#x27;stacktrace&#x27;)<br/>        if st_value:<br/>            if isinstance(st_value, str):<br/>                stacktrace = st_value.split(&#x27;\n&#x27;)<br/>            else:<br/>                stacktrace = []<br/>                try:<br/>                    for frame in st_value:<br/>                        line = self._value_or_default(frame, &#x27;lineNumber&#x27;, &#x27;&#x27;)<br/>                        file = self._value_or_default(frame, &#x27;fileName&#x27;, &#x27;&lt;anonymous&gt;&#x27;)<br/>                        if line:<br/>                            file = &quot;%s:%s&quot; % (file, line)<br/>                        meth = self._value_or_default(frame, &#x27;methodName&#x27;, &#x27;&lt;anonymous&gt;&#x27;)<br/>                        if &#x27;className&#x27; in frame:<br/>                            meth = &quot;%s.%s&quot; % (frame[&#x27;className&#x27;], meth)<br/>                        msg = &quot;    at %s (%s)&quot;<br/>                        msg = msg % (meth, file)<br/>                        stacktrace.append(msg)<br/>                except TypeError:<br/>                    pass<br/>        if exception_class == UnexpectedAlertPresentException:<br/>            alert_text = None<br/>            if &#x27;data&#x27; in value:<br/>                alert_text = value[&#x27;data&#x27;].get(&#x27;text&#x27;)<br/>            elif &#x27;alert&#x27; in value:<br/>                alert_text = value[&#x27;alert&#x27;].get(&#x27;text&#x27;)<br/>            raise exception_class(message, screen, stacktrace, alert_text)  # type: ignore[call-arg]  # mypy is not smart enough here<br/>&gt;       raise exception_class(message, screen, stacktrace)<br/><span class="error">E       selenium.common.exceptions.InvalidSelectorException: Message: invalid selector: Unable to locate an element with the xpath expression //a[contains(@title,Recover your forgotten password)] because of the following error:</span><br/><span class="error">E       SyntaxError: Failed to execute &#x27;evaluate&#x27; on &#x27;Document&#x27;: The string &#x27;//a[contains(@title,Recover your forgotten password)]&#x27; is not a valid XPath expression.</span><br/><span class="error">E         (Session info: chrome=96.0.4664.45)</span><br/><span class="error">E       Stacktrace:</span><br/><span class="error">E       Backtrace:</span><br/><span class="error">E       	Ordinal0 [0x00F96903+2517251]</span><br/><span class="error">E       	Ordinal0 [0x00F2F8E1+2095329]</span><br/><span class="error">E       	Ordinal0 [0x00E32848+1058888]</span><br/><span class="error">E       	Ordinal0 [0x00E34F44+1068868]</span><br/><span class="error">E       	Ordinal0 [0x00E34E0E+1068558]</span><br/><span class="error">E       	Ordinal0 [0x00E35070+1069168]</span><br/><span class="error">E       	Ordinal0 [0x00E5D1C2+1233346]</span><br/><span class="error">E       	Ordinal0 [0x00E5D63B+1234491]</span><br/><span class="error">E       	Ordinal0 [0x00E87812+1406994]</span><br/><span class="error">E       	Ordinal0 [0x00E7650A+1336586]</span><br/><span class="error">E       	Ordinal0 [0x00E85BBF+1399743]</span><br/><span class="error">E       	Ordinal0 [0x00E7639B+1336219]</span><br/><span class="error">E       	Ordinal0 [0x00E527A7+1189799]</span><br/><span class="error">E       	Ordinal0 [0x00E53609+1193481]</span><br/><span class="error">E       	GetHandleVerifier [0x01125904+1577972]</span><br/><span class="error">E       	GetHandleVerifier [0x011D0B97+2279047]</span><br/><span class="error">E       	GetHandleVerifier [0x01026D09+534521]</span><br/><span class="error">E       	GetHandleVerifier [0x01025DB9+530601]</span><br/><span class="error">E       	Ordinal0 [0x00F34FF9+2117625]</span><br/><span class="error">E       	Ordinal0 [0x00F398A8+2136232]</span><br/><span class="error">E       	Ordinal0 [0x00F399E2+2136546]</span><br/><span class="error">E       	Ordinal0 [0x00F43541+2176321]</span><br/><span class="error">E       	BaseThreadInitThunk [0x76EEFA29+25]</span><br/><span class="error">E       	RtlGetAppContainerNamedObjectPath [0x77517A9E+286]</span><br/><span class="error">E       	RtlGetAppContainerNamedObjectPath [0x77517A6E+238]</span><br/><br/>..\..\AppData\Local\Programs\Python\Python310\lib\site-packages\selenium\webdriver\remote\errorhandler.py:247: InvalidSelectorException[gw0] win32 -- Python 3.10.0 C:\Users\Gajdzio\AppData\Local\Programs\Python\Python310\python.exe<br/></div></td></tr></tbody></table></body></html>